1 "08.02 10:42:54,585|" gesendet.2 "08.02 10:42:54,585|" gesendet.3 "08.02 10:42:54,585|" gesendet.4 "08.02 10:42:54,585|" gesendet.5 "08.02 10:42:54,585|" vergessen zu senden.Ist von meinem Redakteur Text
Ist von meinem Redakteur Text
Ist von meinem Redakteur Text
Ist von meinem Redakteur Text
Ist von meinem Redakteur Text
Ist von meinem Redakteur Text
6 "08.02 10:42:54,617|" gesendet.7 "08.02 10:42:54,617|" gesendet.8 "08.02 10:42:54,617|" gesendet.9 "08.02 10:42:54,617|" gesendet.10 "08.02 10:42:54,617|" vergessen zu senden.11 "08.02 10:42:54,633|" gesendet.12 "08.02 10:42:54,633|" gesendet.13 "08.02 10:42:54,633|" gesendet.14 "08.02 10:42:54,633|" gesendet.15 "08.02 10:42:54,648|" vergessen zu senden.Text
Text
Text
Text
16 "08.02 10:42:54,648|" gesendet.17 "08.02 10:42:54,664|" gesendet.18 "08.02 10:42:54,664|" gesendet.19 "08.02 10:42:54,664|" gesendet.20 "08.02 10:42:54,664|" vergessen zu senden.21 "08.02 10:42:54,679|" gesendet.22 "08.02 10:42:54,679|" gesendet.23 "08.02 10:42:54,679|" gesendet.24 "08.02 10:42:54,679|" gesendet.25 "08.02 10:42:54,694|" vergessen zu senden.Text
Text
Text
Text
26 "08.02 10:42:54,694|" gesendet.27 "08.02 10:42:54,710|" gesendet.28 "08.02 10:42:54,710|" gesendet.29 "08.02 10:42:54,710|" gesendet.30 "08.02 10:42:54,710|" vergessen zu senden.Text
31 "08.02 10:42:54,726|" gesendet.32 "08.02 10:42:54,726|" gesendet.33 "08.02 10:42:54,726|" gesendet.34 "08.02 10:42:54,726|" gesendet.35 "08.02 10:42:54,742|" vergessen zu senden.Text
Text
Text
36 "08.02 10:42:54,742|" gesendet.37 "08.02 10:42:54,742|" gesendet.38 "08.02 10:42:54,757|" gesendet.39 "08.02 10:42:54,757|" gesendet.40 "08.02 10:42:54,757|" vergessen zu senden.41 "08.02 10:42:54,773|" gesendet.42 "08.02 10:42:54,773|" gesendet.43 "08.02 10:42:54,773|" gesendet.44 "08.02 10:42:54,773|" gesendet.45 "08.02 10:42:54,773|" vergessen zu senden.46 "08.02 10:42:54,789|" gesendet.47 "08.02 10:42:54,789|" gesendet.48 "08.02 10:42:54,789|" gesendet.49 "08.02 10:42:54,804|" gesendet.50 "08.02 10:42:54,804|" vergessen zu senden.Text
51 "08.02 10:42:54,804|" gesendet.52 "08.02 10:42:54,804|" gesendet.53 "08.02 10:42:54,819|" gesendet.54 "08.02 10:42:54,819|" gesendet.55 "08.02 10:42:54,819|" vergessen zu senden.Text
56 "08.02 10:42:54,835|" gesendet.57 "08.02 10:42:54,835|" gesendet.58 "08.02 10:42:54,835|" gesendet.59 "08.02 10:42:54,835|" gesendet.60 "08.02 10:42:54,851|" vergessen zu senden.Text
61 "08.02 10:42:54,851|" gesendet.62 "08.02 10:42:54,851|" gesendet.63 "08.02 10:42:54,851|" gesendet.64 "08.02 10:42:54,867|" gesendet.65 "08.02 10:42:54,867|" vergessen zu senden.Text
Text
Text
Text
66 "08.02 10:42:54,882|" gesendet.67 "08.02 10:42:54,882|" gesendet.68 "08.02 10:42:54,898|" gesendet.69 "08.02 10:42:54,898|" gesendet.70 "08.02 10:42:54,898|" vergessen zu senden.71 "08.02 10:42:54,913|" gesendet.72 "08.02 10:42:54,913|" gesendet.73 "08.02 10:42:54,913|" gesendet.74 "08.02 10:42:54,929|" gesendet.75 "08.02 10:42:54,929|" vergessen zu senden.Text
Text
76 "08.02 10:42:54,944|" gesendet.77 "08.02 10:42:54,944|" gesendet.78 "08.02 10:42:54,944|" gesendet.79 "08.02 10:42:54,960|" gesendet.80 "08.02 10:42:54,960|" vergessen zu senden.81 "08.02 10:42:54,960|" gesendet.82 "08.02 10:42:54,976|" gesendet.83 "08.02 10:42:54,976|" gesendet.84 "08.02 10:42:54,976|" gesendet.85 "08.02 10:42:54,976|" vergessen zu senden.Text
86 "08.02 10:42:54,991|" gesendet.87 "08.02 10:42:54,991|" gesendet.88 "08.02 10:42:55,006|" gesendet.89 "08.02 10:42:55,006|" gesendet.90 "08.02 10:42:55,006|" vergessen zu senden.Text
91 "08.02 10:42:55,022|" gesendet.92 "08.02 10:42:55,022|" gesendet.93 "08.02 10:42:55,022|" gesendet.94 "08.02 10:42:55,038|" gesendet.95 "08.02 10:42:55,038|" vergessen zu senden.96 "08.02 10:42:55,038|" gesendet.97 "08.02 10:42:55,038|" gesendet.98 "08.02 10:42:55,054|" gesendet.99 "08.02 10:42:55,054|" gesendet.100 "08.02 10:42:55,054|" vergessen zu senden.Text
Text
Text
101 "08.02 10:42:55,069|" gesendet.102 "08.02 10:42:55,069|" gesendet.103 "08.02 10:42:55,085|" gesendet.104 "08.02 10:42:55,085|" gesendet.105 "08.02 10:42:55,085|" vergessen zu senden.106 "08.02 10:42:55,101|" gesendet.107 "08.02 10:42:55,101|" gesendet.108 "08.02 10:42:55,101|" gesendet.109 "08.02 10:42:55,116|" gesendet.110 "08.02 10:42:55,116|" vergessen zu senden.Text
111 "08.02 10:42:55,116|" gesendet.112 "08.02 10:42:55,132|" gesendet.113 "08.02 10:42:55,132|" gesendet.114 "08.02 10:42:55,132|" gesendet.115 "08.02 10:42:55,132|" vergessen zu senden.Text
116 "08.02 10:42:55,147|" gesendet.117 "08.02 10:42:55,147|" gesendet.118 "08.02 10:42:55,163|" gesendet.119 "08.02 10:42:55,163|" gesendet.120 "08.02 10:42:55,163|" vergessen zu senden.Text
121 "08.02 10:42:55,179|" gesendet.122 "08.02 10:42:55,179|" gesendet.123 "08.02 10:42:55,179|" gesendet.124 "08.02 10:42:55,179|" gesendet.125 "08.02 10:42:55,194|" vergessen zu senden.126 "08.02 10:42:55,194|" gesendet.127 "08.02 10:42:55,194|" gesendet.128 "08.02 10:42:55,210|" gesendet.129 "08.02 10:42:55,210|" gesendet.130 "08.02 10:42:55,210|" vergessen zu senden.131 "08.02 10:42:55,225|" gesendet.132 "08.02 10:42:55,225|" gesendet.133 "08.02 10:42:55,225|" gesendet.134 "08.02 10:42:55,241|" gesendet.135 "08.02 10:42:55,241|" vergessen zu senden.136 "08.02 10:42:55,241|" gesendet.137 "08.02 10:42:55,257|" gesendet.138 "08.02 10:42:55,257|" gesendet.139 "08.02 10:42:55,257|" gesendet.140 "08.02 10:42:55,257|" vergessen zu senden.Text
Text
Text
141 "08.02 10:42:55,272|" gesendet.142 "08.02 10:42:55,288|" gesendet.143 "08.02 10:42:55,288|" gesendet.144 "08.02 10:42:55,288|" gesendet.145 "08.02 10:42:55,288|" vergessen zu senden.146 "08.02 10:42:55,302|" gesendet.147 "08.02 10:42:55,302|" gesendet.148 "08.02 10:42:55,302|" gesendet.149 "08.02 10:42:55,319|" gesendet.150 "08.02 10:42:55,319|" vergessen zu senden.151 "08.02 10:42:55,319|" gesendet.152 "08.02 10:42:55,319|" gesendet.153 "08.02 10:42:55,319|" gesendet.154 "08.02 10:42:55,335|" gesendet.155 "08.02 10:42:55,335|" vergessen zu senden.156 "08.02 10:42:55,335|" gesendet.157 "08.02 10:42:55,350|" gesendet.158 "08.02 10:42:55,350|" gesendet.159 "08.02 10:42:55,350|" gesendet.160 "08.02 10:42:55,366|" vergessen zu senden.Text
161 "08.02 10:42:55,366|" gesendet.162 "08.02 10:42:55,366|" gesendet.163 "08.02 10:42:55,381|" gesendet.164 "08.02 10:42:55,381|" gesendet.165 "08.02 10:42:55,381|" vergessen zu senden.166 "08.02 10:42:55,381|" gesendet.167 "08.02 10:42:55,397|" gesendet.168 "08.02 10:42:55,397|" gesendet.169 "08.02 10:42:55,397|" gesendet.170 "08.02 10:42:55,397|" vergessen zu senden.Text
Text
171 "08.02 10:42:55,413|" gesendet.172 "08.02 10:42:55,413|" gesendet.173 "08.02 10:42:55,413|" gesendet.174 "08.02 10:42:55,427|" gesendet.175 "08.02 10:42:55,427|" vergessen zu senden.Text
176 "08.02 10:42:55,427|" gesendet.177 "08.02 10:42:55,427|" gesendet.178 "08.02 10:42:55,444|" gesendet.179 "08.02 10:42:55,444|" gesendet.180 "08.02 10:42:55,444|" vergessen zu senden.181 "08.02 10:42:55,444|" gesendet.182 "08.02 10:42:55,459|" gesendet.183 "08.02 10:42:55,459|" gesendet.184 "08.02 10:42:55,459|" gesendet.185 "08.02 10:42:55,459|" vergessen zu senden.Text
186 "08.02 10:42:55,475|" gesendet.187 "08.02 10:42:55,475|" gesendet.188 "08.02 10:42:55,475|" gesendet.189 "08.02 10:42:55,475|" gesendet.190 "08.02 10:42:55,475|" vergessen zu senden.Text
191 "08.02 10:42:55,491|" gesendet.192 "08.02 10:42:55,491|" gesendet.193 "08.02 10:42:55,491|" gesendet.194 "08.02 10:42:55,506|" gesendet.195 "08.02 10:42:55,506|" vergessen zu senden.Text
Text
Text
196 "08.02 10:42:55,506|" gesendet.197 "08.02 10:42:55,522|" gesendet.198 "08.02 10:42:55,522|" gesendet.199 "08.02 10:42:55,522|" gesendet.200 "08.02 10:42:55,522|" vergessen zu senden.Text
201 "08.02 10:42:55,536|" gesendet.202 "08.02 10:42:55,536|" gesendet.203 "08.02 10:42:55,536|" gesendet.204 "08.02 10:42:55,552|" gesendet.205 "08.02 10:42:55,552|" vergessen zu senden.206 "08.02 10:42:55,552|" gesendet.207 "08.02 10:42:55,552|" gesendet.208 "08.02 10:42:55,552|" gesendet.209 "08.02 10:42:55,569|" gesendet.210 "08.02 10:42:55,569|" vergessen zu senden.211 "08.02 10:42:55,569|" gesendet.212 "08.02 10:42:55,584|" gesendet.213 "08.02 10:42:55,584|" gesendet.214 "08.02 10:42:55,584|" gesendet.215 "08.02 10:42:55,584|" vergessen zu senden.Text
216 "08.02 10:42:55,600|" gesendet.217 "08.02 10:42:55,600|" gesendet.218 "08.02 10:42:55,600|" gesendet.219 "08.02 10:42:55,600|" gesendet.220 "08.02 10:42:55,615|" vergessen zu senden.221 "08.02 10:42:55,615|" gesendet.222 "08.02 10:42:55,615|" gesendet.223 "08.02 10:42:55,615|" gesendet.224 "08.02 10:42:55,631|" gesendet.225 "08.02 10:42:55,631|" vergessen zu senden.226 "08.02 10:42:55,631|" gesendet.227 "08.02 10:42:55,631|" gesendet.228 "08.02 10:42:55,647|" gesendet.229 "08.02 10:42:55,647|" gesendet.230 "08.02 10:42:55,647|" vergessen zu senden.Text
231 "08.02 10:42:55,647|" gesendet.232 "08.02 10:42:55,661|" gesendet.233 "08.02 10:42:55,661|" gesendet.234 "08.02 10:42:55,661|" gesendet.235 "08.02 10:42:55,661|" vergessen zu senden.Text
236 "08.02 10:42:55,677|" gesendet.237 "08.02 10:42:55,677|" gesendet.238 "08.02 10:42:55,677|" gesendet.239 "08.02 10:42:55,677|" gesendet.240 "08.02 10:42:55,677|" vergessen zu senden.241 "08.02 10:42:55,693|" gesendet.242 "08.02 10:42:55,693|" gesendet.243 "08.02 10:42:55,693|" gesendet.244 "08.02 10:42:55,693|" gesendet.245 "08.02 10:42:55,693|" vergessen zu senden.246 "08.02 10:42:55,709|" gesendet.247 "08.02 10:42:55,709|" gesendet.248 "08.02 10:42:55,709|" gesendet.249 "08.02 10:42:55,709|" gesendet.250 "08.02 10:42:55,709|" vergessen zu senden.251 "08.02 10:42:55,725|" gesendet.252 "08.02 10:42:55,725|" gesendet.253 "08.02 10:42:55,725|" gesendet.254 "08.02 10:42:55,725|" gesendet.255 "08.02 10:42:55,725|" vergessen zu senden.256 "08.02 10:42:55,740|" gesendet.257 "08.02 10:42:55,740|" gesendet.258 "08.02 10:42:55,740|" gesendet.259 "08.02 10:42:55,740|" gesendet.260 "08.02 10:42:55,740|" vergessen zu senden.Text
Text
Text
Text
Text
261 "08.02 10:42:55,756|" gesendet.262 "08.02 10:42:55,756|" gesendet.263 "08.02 10:42:55,770|" gesendet.264 "08.02 10:42:55,770|" gesendet.265 "08.02 10:42:55,770|" vergessen zu senden.Text
Text
Text
266 "08.02 10:42:55,786|" gesendet.267 "08.02 10:42:55,786|" gesendet.268 "08.02 10:42:55,786|" gesendet.269 "08.02 10:42:55,786|" gesendet.270 "08.02 10:42:55,786|" vergessen zu senden.271 "08.02 10:42:55,802|" gesendet.272 "08.02 10:42:55,802|" gesendet.273 "08.02 10:42:55,802|" gesendet.274 "08.02 10:42:55,802|" gesendet.275 "08.02 10:42:55,802|" vergessen zu senden.Text
276 "08.02 10:42:55,818|" gesendet.277 "08.02 10:42:55,818|" gesendet.278 "08.02 10:42:55,818|" gesendet.279 "08.02 10:42:55,818|" gesendet.280 "08.02 10:42:55,818|" vergessen zu senden.281 "08.02 10:42:55,834|" gesendet.282 "08.02 10:42:55,834|" gesendet.283 "08.02 10:42:55,834|" gesendet.284 "08.02 10:42:55,834|" gesendet.285 "08.02 10:42:55,849|" vergessen zu senden.Text
Text
Text
286 "08.02 10:42:55,849|" gesendet.287 "08.02 10:42:55,849|" gesendet.288 "08.02 10:42:55,849|" gesendet.289 "08.02 10:42:55,865|" gesendet.290 "08.02 10:42:55,865|" vergessen zu senden.Text
Text
291 "08.02 10:42:55,865|" gesendet.292 "08.02 10:42:55,865|" gesendet.293 "08.02 10:42:55,881|" gesendet.294 "08.02 10:42:55,881|" gesendet.295 "08.02 10:42:55,881|" vergessen zu senden.296 "08.02 10:42:55,881|" gesendet.297 "08.02 10:42:55,881|" gesendet.298 "08.02 10:42:55,895|" gesendet.299 "08.02 10:42:55,895|" gesendet.300 "08.02 10:42:55,895|" vergessen zu senden.Text
Text
Text
Text
301 "08.02 10:42:55,911|" gesendet.302 "08.02 10:42:55,911|" gesendet.303 "08.02 10:42:55,911|" gesendet.304 "08.02 10:42:55,911|" gesendet.305 "08.02 10:42:55,911|" vergessen zu senden.Text
306 "08.02 10:42:55,927|" gesendet.307 "08.02 10:42:55,927|" gesendet.308 "08.02 10:42:55,927|" gesendet.309 "08.02 10:42:55,927|" gesendet.310 "08.02 10:42:55,927|" vergessen zu senden.Text
Text
311 "08.02 10:42:55,943|" gesendet.312 "08.02 10:42:55,943|" gesendet.313 "08.02 10:42:55,943|" gesendet.314 "08.02 10:42:55,943|" gesendet.315 "08.02 10:42:55,959|" vergessen zu senden.Text
316 "08.02 10:42:55,959|" gesendet.317 "08.02 10:42:55,959|" gesendet.318 "08.02 10:42:55,959|" gesendet.319 "08.02 10:42:55,974|" gesendet.320 "08.02 10:42:55,974|" vergessen zu senden.321 "08.02 10:42:55,974|" gesendet.322 "08.02 10:42:55,974|" gesendet.323 "08.02 10:42:55,974|" gesendet.324 "08.02 10:42:55,974|" gesendet.325 "08.02 10:42:55,990|" vergessen zu senden.Text
Text
Text
Text
326 "08.02 10:42:55,990|" gesendet.327 "08.02 10:42:56,004|" gesendet.328 "08.02 10:42:56,004|" gesendet.329 "08.02 10:42:56,004|" gesendet.330 "08.02 10:42:56,004|" vergessen zu senden.331 "08.02 10:42:56,004|" gesendet.332 "08.02 10:42:56,004|" gesendet.333 "08.02 10:42:56,020|" gesendet.334 "08.02 10:42:56,020|" gesendet.335 "08.02 10:42:56,020|" vergessen zu senden.Text
336 "08.02 10:42:56,020|" gesendet.337 "08.02 10:42:56,036|" gesendet.338 "08.02 10:42:56,036|" gesendet.339 "08.02 10:42:56,036|" gesendet.340 "08.02 10:42:56,036|" vergessen zu senden.341 "08.02 10:42:56,036|" gesendet.342 "08.02 10:42:56,052|" gesendet.343 "08.02 10:42:56,052|" gesendet.344 "08.02 10:42:56,052|" gesendet.345 "08.02 10:42:56,052|" vergessen zu senden.346 "08.02 10:42:56,052|" gesendet.347 "08.02 10:42:56,052|" gesendet.348 "08.02 10:42:56,068|" gesendet.349 "08.02 10:42:56,068|" gesendet.350 "08.02 10:42:56,068|" vergessen zu senden.Text
Text
351 "08.02 10:42:56,083|" gesendet.352 "08.02 10:42:56,083|" gesendet.353 "08.02 10:42:56,083|" gesendet.354 "08.02 10:42:56,083|" gesendet.355 "08.02 10:42:56,083|" vergessen zu senden.356 "08.02 10:42:56,083|" gesendet.357 "08.02 10:42:56,099|" gesendet.358 "08.02 10:42:56,099|" gesendet.359 "08.02 10:42:56,099|" gesendet.360 "08.02 10:42:56,099|" vergessen zu senden.Text
Text
361 "08.02 10:42:56,115|" gesendet.362 "08.02 10:42:56,115|" gesendet.363 "08.02 10:42:56,115|" gesendet.364 "08.02 10:42:56,115|" gesendet.365 "08.02 10:42:56,115|" vergessen zu senden.Text
366 "08.02 10:42:56,129|" gesendet.367 "08.02 10:42:56,129|" gesendet.368 "08.02 10:42:56,129|" gesendet.369 "08.02 10:42:56,129|" gesendet.370 "08.02 10:42:56,129|" vergessen zu senden.371 "08.02 10:42:56,145|" gesendet.372 "08.02 10:42:56,145|" gesendet.373 "08.02 10:42:56,145|" gesendet.374 "08.02 10:42:56,145|" gesendet.375 "08.02 10:42:56,161|" vergessen zu senden.Text
376 "08.02 10:42:56,161|" gesendet.377 "08.02 10:42:56,161|" gesendet.378 "08.02 10:42:56,161|" gesendet.379 "08.02 10:42:56,161|" gesendet.380 "08.02 10:42:56,177|" vergessen zu senden.381 "08.02 10:42:56,177|" gesendet.382 "08.02 10:42:56,177|" gesendet.383 "08.02 10:42:56,177|" gesendet.384 "08.02 10:42:56,177|" gesendet.385 "08.02 10:42:56,193|" vergessen zu senden.386 "08.02 10:42:56,193|" gesendet.387 "08.02 10:42:56,193|" gesendet.388 "08.02 10:42:56,193|" gesendet.389 "08.02 10:42:56,193|" gesendet.390 "08.02 10:42:56,208|" vergessen zu senden.391 "08.02 10:42:56,208|" gesendet.392 "08.02 10:42:56,208|" gesendet.393 "08.02 10:42:56,208|" gesendet.394 "08.02 10:42:56,208|" gesendet.395 "08.02 10:42:56,224|" vergessen zu senden.Text
396 "08.02 10:42:56,224|" gesendet.397 "08.02 10:42:56,224|" gesendet.398 "08.02 10:42:56,224|" gesendet.399 "08.02 10:42:56,238|" gesendet.400 "08.02 10:42:56,238|" vergessen zu senden.401 "08.02 10:42:56,238|" gesendet.402 "08.02 10:42:56,238|" gesendet.403 "08.02 10:42:56,238|" gesendet.404 "08.02 10:42:56,254|" gesendet.405 "08.02 10:42:56,254|" vergessen zu senden.406 "08.02 10:42:56,254|" gesendet.407 "08.02 10:42:56,254|" gesendet.408 "08.02 10:42:56,254|" gesendet.409 "08.02 10:42:56,270|" gesendet.410 "08.02 10:42:56,270|" vergessen zu senden.411 "08.02 10:42:56,270|" gesendet.412 "08.02 10:42:56,270|" gesendet.413 "08.02 10:42:56,270|" gesendet.414 "08.02 10:42:56,286|" gesendet.415 "08.02 10:42:56,286|" vergessen zu senden.416 "08.02 10:42:56,286|" gesendet.417 "08.02 10:42:56,286|" gesendet.418 "08.02 10:42:56,286|" gesendet.419 "08.02 10:42:56,302|" gesendet.420 "08.02 10:42:56,302|" vergessen zu senden.Text
Text
Text
421 "08.02 10:42:56,302|" gesendet.422 "08.02 10:42:56,316|" gesendet.423 "08.02 10:42:56,316|" gesendet.424 "08.02 10:42:56,316|" gesendet.425 "08.02 10:42:56,316|" vergessen zu senden.Text
426 "08.02 10:42:56,316|" gesendet.427 "08.02 10:42:56,333|" gesendet.428 "08.02 10:42:56,333|" gesendet.429 "08.02 10:42:56,333|" gesendet.430 "08.02 10:42:56,333|" vergessen zu senden.Text
Text
Text
Text
431 "08.02 10:42:56,349|" gesendet.432 "08.02 10:42:56,349|" gesendet.433 "08.02 10:42:56,349|" gesendet.434 "08.02 10:42:56,349|" gesendet.435 "08.02 10:42:56,363|" vergessen zu senden.Text
Text
436 "08.02 10:42:56,363|" gesendet.437 "08.02 10:42:56,363|" gesendet.438 "08.02 10:42:56,363|" gesendet.439 "08.02 10:42:56,379|" gesendet.440 "08.02 10:42:56,379|" vergessen zu senden.441 "08.02 10:42:56,379|" gesendet.442 "08.02 10:42:56,379|" gesendet.443 "08.02 10:42:56,395|" gesendet.444 "08.02 10:42:56,395|" gesendet.445 "08.02 10:42:56,395|" vergessen zu senden.Text
446 "08.02 10:42:56,395|" gesendet.447 "08.02 10:42:56,395|" gesendet.448 "08.02 10:42:56,411|" gesendet.449 "08.02 10:42:56,411|" gesendet.450 "08.02 10:42:56,411|" vergessen zu senden.451 "08.02 10:42:56,411|" gesendet.452 "08.02 10:42:56,411|" gesendet.453 "08.02 10:42:56,427|" gesendet.454 "08.02 10:42:56,427|" gesendet.455 "08.02 10:42:56,427|" vergessen zu senden.456 "08.02 10:42:56,427|" gesendet.457 "08.02 10:42:56,427|" gesendet.458 "08.02 10:42:56,441|" gesendet.459 "08.02 10:42:56,441|" gesendet.460 "08.02 10:42:56,441|" vergessen zu senden.461 "08.02 10:42:56,441|" gesendet.462 "08.02 10:42:56,441|" gesendet.463 "08.02 10:42:56,458|" gesendet.464 "08.02 10:42:56,458|" gesendet.465 "08.02 10:42:56,458|" vergessen zu senden.Text
466 "08.02 10:42:56,458|" gesendet.467 "08.02 10:42:56,472|" gesendet.468 "08.02 10:42:56,472|" gesendet.469 "08.02 10:42:56,472|" gesendet.470 "08.02 10:42:56,472|" vergessen zu senden.471 "08.02 10:42:56,472|" gesendet.472 "08.02 10:42:56,472|" gesendet.473 "08.02 10:42:56,488|" gesendet.474 "08.02 10:42:56,488|" gesendet.475 "08.02 10:42:56,488|" vergessen zu senden.Text
476 "08.02 10:42:56,488|" gesendet.477 "08.02 10:42:56,504|" gesendet.478 "08.02 10:42:56,504|" gesendet.479 "08.02 10:42:56,504|" gesendet.480 "08.02 10:42:56,504|" vergessen zu senden.Text
Text
481 "08.02 10:42:56,520|" gesendet.482 "08.02 10:42:56,520|" gesendet.483 "08.02 10:42:56,520|" gesendet.484 "08.02 10:42:56,520|" gesendet.485 "08.02 10:42:56,520|" vergessen zu senden.Text
486 "08.02 10:42:56,536|" gesendet.487 "08.02 10:42:56,536|" gesendet.488 "08.02 10:42:56,536|" gesendet.489 "08.02 10:42:56,536|" gesendet.490 "08.02 10:42:56,536|" vergessen zu senden.Text
Text
491 "08.02 10:42:56,551|" gesendet.492 "08.02 10:42:56,551|" gesendet.493 "08.02 10:42:56,551|" gesendet.494 "08.02 10:42:56,551|" gesendet.495 "08.02 10:42:56,551|" vergessen zu senden.Text
Text
496 "08.02 10:42:56,566|" gesendet.497 "08.02 10:42:56,566|" gesendet.498 "08.02 10:42:56,566|" gesendet.499 "08.02 10:42:56,566|" gesendet.500 "08.02 10:42:56,583|" vergessen zu senden.Text
Text
501 "08.02 10:42:56,583|" gesendet.502 "08.02 10:42:56,583|" gesendet.503 "08.02 10:42:56,583|" gesendet.504 "08.02 10:42:56,597|" gesendet.505 "08.02 10:42:56,597|" vergessen zu senden.506 "08.02 10:42:56,597|" gesendet.507 "08.02 10:42:56,597|" gesendet.508 "08.02 10:42:56,597|" gesendet.509 "08.02 10:42:56,613|" gesendet.510 "08.02 10:42:56,613|" vergessen zu senden.Text
Text
Text
Text
511 "08.02 10:42:56,613|" gesendet.512 "08.02 10:42:56,629|" gesendet.513 "08.02 10:42:56,629|" gesendet.514 "08.02 10:42:56,629|" gesendet.515 "08.02 10:42:56,629|" vergessen zu senden.Text
Text
Text
516 "08.02 10:42:56,645|" gesendet.517 "08.02 10:42:56,645|" gesendet.518 "08.02 10:42:56,645|" gesendet.519 "08.02 10:42:56,645|" gesendet.520 "08.02 10:42:56,645|" vergessen zu senden.521 "08.02 10:42:56,661|" gesendet.522 "08.02 10:42:56,661|" gesendet.523 "08.02 10:42:56,661|" gesendet.524 "08.02 10:42:56,661|" gesendet.525 "08.02 10:42:56,676|" vergessen zu senden.Text
Text
526 "08.02 10:42:56,676|" gesendet.527 "08.02 10:42:56,676|" gesendet.528 "08.02 10:42:56,676|" gesendet.529 "08.02 10:42:56,691|" gesendet.530 "08.02 10:42:56,691|" vergessen zu senden.Text
531 "08.02 10:42:56,691|" gesendet.532 "08.02 10:42:56,691|" gesendet.533 "08.02 10:42:56,706|" gesendet.534 "08.02 10:42:56,706|" gesendet.535 "08.02 10:42:56,706|" vergessen zu senden.536 "08.02 10:42:56,706|" gesendet.537 "08.02 10:42:56,706|" gesendet.538 "08.02 10:42:56,706|" gesendet.539 "08.02 10:42:56,722|" gesendet.540 "08.02 10:42:56,722|" vergessen zu senden.Text
Text
Text
541 "08.02 10:42:56,722|" gesendet.542 "08.02 10:42:56,738|" gesendet.543 "08.02 10:42:56,738|" gesendet.544 "08.02 10:42:56,738|" gesendet.545 "08.02 10:42:56,738|" vergessen zu senden.546 "08.02 10:42:56,738|" gesendet.547 "08.02 10:42:56,754|" gesendet.548 "08.02 10:42:56,754|" gesendet.549 "08.02 10:42:56,754|" gesendet.550 "08.02 10:42:56,754|" vergessen zu senden.551 "08.02 10:42:56,754|" gesendet.552 "08.02 10:42:56,770|" gesendet.553 "08.02 10:42:56,770|" gesendet.554 "08.02 10:42:56,770|" gesendet.555 "08.02 10:42:56,770|" vergessen zu senden.Text
556 "08.02 10:42:56,785|" gesendet.557 "08.02 10:42:56,785|" gesendet.558 "08.02 10:42:56,785|" gesendet.559 "08.02 10:42:56,785|" gesendet.560 "08.02 10:42:56,785|" vergessen zu senden.561 "08.02 10:42:56,801|" gesendet.562 "08.02 10:42:56,801|" gesendet.563 "08.02 10:42:56,801|" gesendet.564 "08.02 10:42:56,801|" gesendet.565 "08.02 10:42:56,801|" vergessen zu senden.566 "08.02 10:42:56,801|" gesendet.567 "08.02 10:42:56,816|" gesendet.568 "08.02 10:42:56,816|" gesendet.569 "08.02 10:42:56,816|" gesendet.570 "08.02 10:42:56,816|" vergessen zu senden.Text
Text
Text
571 "08.02 10:42:56,831|" gesendet.572 "08.02 10:42:56,831|" gesendet.573 "08.02 10:42:56,831|" gesendet.574 "08.02 10:42:56,831|" gesendet.575 "08.02 10:42:56,831|" vergessen zu senden.Text
Text
576 "08.02 10:42:56,847|" gesendet.577 "08.02 10:42:56,847|" gesendet.578 "08.02 10:42:56,847|" gesendet.579 "08.02 10:42:56,847|" gesendet.580 "08.02 10:42:56,863|" vergessen zu senden.581 "08.02 10:42:56,863|" gesendet.582 "08.02 10:42:56,863|" gesendet.583 "08.02 10:42:56,863|" gesendet.584 "08.02 10:42:56,863|" gesendet.585 "08.02 10:42:56,879|" vergessen zu senden.586 "08.02 10:42:56,879|" gesendet.587 "08.02 10:42:56,879|" gesendet.588 "08.02 10:42:56,879|" gesendet.589 "08.02 10:42:56,879|" gesendet.590 "08.02 10:42:56,879|" vergessen zu senden.Text
Text
Text
Text
591 "08.02 10:42:56,895|" gesendet.592 "08.02 10:42:56,895|" gesendet.593 "08.02 10:42:56,910|" gesendet.594 "08.02 10:42:56,910|" gesendet.595 "08.02 10:42:56,910|" vergessen zu senden.596 "08.02 10:42:56,910|" gesendet.597 "08.02 10:42:56,910|" gesendet.598 "08.02 10:42:56,926|" gesendet.599 "08.02 10:42:56,926|" gesendet.600 "08.02 10:42:56,926|" vergessen zu senden.Text
Text
Text
Text
Text
601 "08.02 10:42:56,940|" gesendet.602 "08.02 10:42:56,940|" gesendet.603 "08.02 10:42:56,940|" gesendet.604 "08.02 10:42:56,940|" gesendet.605 "08.02 10:42:56,940|" vergessen zu senden.606 "08.02 10:42:56,956|" gesendet.607 "08.02 10:42:56,956|" gesendet.608 "08.02 10:42:56,956|" gesendet.609 "08.02 10:42:56,956|" gesendet.610 "08.02 10:42:56,956|" vergessen zu senden.611 "08.02 10:42:56,972|" gesendet.612 "08.02 10:42:56,972|" gesendet.613 "08.02 10:42:56,972|" gesendet.614 "08.02 10:42:56,972|" gesendet.615 "08.02 10:42:56,972|" vergessen zu senden.616 "08.02 10:42:56,988|" gesendet.617 "08.02 10:42:56,988|" gesendet.618 "08.02 10:42:56,988|" gesendet.619 "08.02 10:42:56,988|" gesendet.620 "08.02 10:42:56,988|" vergessen zu senden.621 "08.02 10:42:57,004|" gesendet.622 "08.02 10:42:57,004|" gesendet.623 "08.02 10:42:57,004|" gesendet.624 "08.02 10:42:57,004|" gesendet.625 "08.02 10:42:57,004|" vergessen zu senden.626 "08.02 10:42:57,018|" gesendet.627 "08.02 10:42:57,018|" gesendet.628 "08.02 10:42:57,018|" gesendet.629 "08.02 10:42:57,018|" gesendet.630 "08.02 10:42:57,018|" vergessen zu senden.631 "08.02 10:42:57,034|" gesendet.632 "08.02 10:42:57,034|" gesendet.633 "08.02 10:42:57,034|" gesendet.634 "08.02 10:42:57,034|" gesendet.635 "08.02 10:42:57,034|" vergessen zu senden.636 "08.02 10:42:57,034|" gesendet.637 "08.02 10:42:57,050|" gesendet.638 "08.02 10:42:57,050|" gesendet.639 "08.02 10:42:57,050|" gesendet.640 "08.02 10:42:57,050|" vergessen zu senden.Text
Text
641 "08.02 10:42:57,066|" gesendet.642 "08.02 10:42:57,066|" gesendet.643 "08.02 10:42:57,066|" gesendet.644 "08.02 10:42:57,066|" gesendet.645 "08.02 10:42:57,066|" vergessen zu senden.646 "08.02 10:42:57,082|" gesendet.647 "08.02 10:42:57,082|" gesendet.648 "08.02 10:42:57,082|" gesendet.649 "08.02 10:42:57,082|" gesendet.650 "08.02 10:42:57,082|" vergessen zu senden.Text
651 "08.02 10:42:57,097|" gesendet.652 "08.02 10:42:57,097|" gesendet.653 "08.02 10:42:57,097|" gesendet.654 "08.02 10:42:57,097|" gesendet.655 "08.02 10:42:57,097|" vergessen zu senden.656 "08.02 10:42:57,113|" gesendet.657 "08.02 10:42:57,113|" gesendet.658 "08.02 10:42:57,113|" gesendet.659 "08.02 10:42:57,113|" gesendet.660 "08.02 10:42:57,113|" vergessen zu senden.Text
661 "08.02 10:42:57,129|" gesendet.662 "08.02 10:42:57,129|" gesendet.663 "08.02 10:42:57,129|" gesendet.664 "08.02 10:42:57,129|" gesendet.665 "08.02 10:42:57,129|" vergessen zu senden.666 "08.02 10:42:57,143|" gesendet.667 "08.02 10:42:57,143|" gesendet.668 "08.02 10:42:57,143|" gesendet.669 "08.02 10:42:57,143|" gesendet.670 "08.02 10:42:57,143|" vergessen zu senden.671 "08.02 10:42:57,159|" gesendet.672 "08.02 10:42:57,159|" gesendet.673 "08.02 10:42:57,159|" gesendet.674 "08.02 10:42:57,159|" gesendet.675 "08.02 10:42:57,159|" vergessen zu senden.Text
676 "08.02 10:42:57,175|" gesendet.677 "08.02 10:42:57,175|" gesendet.678 "08.02 10:42:57,175|" gesendet.679 "08.02 10:42:57,175|" gesendet.680 "08.02 10:42:57,191|" vergessen zu senden.Text
Text
681 "08.02 10:42:57,191|" gesendet.682 "08.02 10:42:57,191|" gesendet.683 "08.02 10:42:57,191|" gesendet.684 "08.02 10:42:57,207|" gesendet.685 "08.02 10:42:57,207|" vergessen zu senden.686 "08.02 10:42:57,207|" gesendet.687 "08.02 10:42:57,207|" gesendet.688 "08.02 10:42:57,207|" gesendet.689 "08.02 10:42:57,222|" gesendet.690 "08.02 10:42:57,222|" vergessen zu senden.Text
Text
691 "08.02 10:42:57,222|" gesendet.692 "08.02 10:42:57,222|" gesendet.693 "08.02 10:42:57,238|" gesendet.694 "08.02 10:42:57,238|" gesendet.695 "08.02 10:42:57,238|" vergessen zu senden.696 "08.02 10:42:57,238|" gesendet.697 "08.02 10:42:57,238|" gesendet.698 "08.02 10:42:57,253|" gesendet.699 "08.02 10:42:57,253|" gesendet.700 "08.02 10:42:57,253|" vergessen zu senden.Text
701 "08.02 10:42:57,253|" gesendet.702 "08.02 10:42:57,253|" gesendet.703 "08.02 10:42:57,269|" gesendet.704 "08.02 10:42:57,269|" gesendet.705 "08.02 10:42:57,269|" vergessen zu senden.Text
Text
Text
Text
706 "08.02 10:42:57,284|" gesendet.707 "08.02 10:42:57,284|" gesendet.708 "08.02 10:42:57,284|" gesendet.709 "08.02 10:42:57,284|" gesendet.710 "08.02 10:42:57,284|" vergessen zu senden.711 "08.02 10:42:57,300|" gesendet.712 "08.02 10:42:57,300|" gesendet.713 "08.02 10:42:57,300|" gesendet.714 "08.02 10:42:57,300|" gesendet.715 "08.02 10:42:57,300|" vergessen zu senden.716 "08.02 10:42:57,300|" gesendet.717 "08.02 10:42:57,316|" gesendet.718 "08.02 10:42:57,316|" gesendet.719 "08.02 10:42:57,316|" gesendet.720 "08.02 10:42:57,316|" vergessen zu senden.Text
Text
Text
721 "08.02 10:42:57,331|" gesendet.722 "08.02 10:42:57,331|" gesendet.723 "08.02 10:42:57,331|" gesendet.724 "08.02 10:42:57,331|" gesendet.725 "08.02 10:42:57,347|" vergessen zu senden.Text
726 "08.02 10:42:57,347|" gesendet.727 "08.02 10:42:57,347|" gesendet.728 "08.02 10:42:57,347|" gesendet.729 "08.02 10:42:57,347|" gesendet.730 "08.02 10:42:57,363|" vergessen zu senden.731 "08.02 10:42:57,363|" gesendet.732 "08.02 10:42:57,363|" gesendet.733 "08.02 10:42:57,363|" gesendet.734 "08.02 10:42:57,378|" gesendet.735 "08.02 10:42:57,378|" vergessen zu senden.736 "08.02 10:42:57,378|" gesendet.737 "08.02 10:42:57,378|" gesendet.738 "08.02 10:42:57,378|" gesendet.739 "08.02 10:42:57,378|" gesendet.740 "08.02 10:42:57,394|" vergessen zu senden.Text
Text
741 "08.02 10:42:57,394|" gesendet.742 "08.02 10:42:57,394|" gesendet.743 "08.02 10:42:57,409|" gesendet.744 "08.02 10:42:57,409|" gesendet.745 "08.02 10:42:57,409|" vergessen zu senden.Text
Text
746 "08.02 10:42:57,409|" gesendet.747 "08.02 10:42:57,409|" gesendet.748 "08.02 10:42:57,425|" gesendet.749 "08.02 10:42:57,425|" gesendet.750 "08.02 10:42:57,425|" vergessen zu senden.751 "08.02 10:42:57,425|" gesendet.752 "08.02 10:42:57,425|" gesendet.753 "08.02 10:42:57,441|" gesendet.754 "08.02 10:42:57,441|" gesendet.755 "08.02 10:42:57,441|" vergessen zu senden.Text
756 "08.02 10:42:57,441|" gesendet.757 "08.02 10:42:57,456|" gesendet.758 "08.02 10:42:57,456|" gesendet.759 "08.02 10:42:57,456|" gesendet.760 "08.02 10:42:57,456|" vergessen zu senden.Text
Text
Text
Text
Text
Text
761 "08.02 10:42:57,472|" gesendet.762 "08.02 10:42:57,472|" gesendet.763 "08.02 10:42:57,472|" gesendet.764 "08.02 10:42:57,472|" gesendet.765 "08.02 10:42:57,487|" vergessen zu senden.766 "08.02 10:42:57,487|" gesendet.767 "08.02 10:42:57,487|" gesendet.768 "08.02 10:42:57,487|" gesendet.769 "08.02 10:42:57,487|" gesendet.770 "08.02 10:42:57,503|" vergessen zu senden.771 "08.02 10:42:57,503|" gesendet.772 "08.02 10:42:57,503|" gesendet.773 "08.02 10:42:57,503|" gesendet.774 "08.02 10:42:57,503|" gesendet.775 "08.02 10:42:57,503|" vergessen zu senden.Text
Text
Text
776 "08.02 10:42:57,519|" gesendet.777 "08.02 10:42:57,519|" gesendet.778 "08.02 10:42:57,534|" gesendet.779 "08.02 10:42:57,534|" gesendet.780 "08.02 10:42:57,534|" vergessen zu senden.781 "08.02 10:42:57,534|" gesendet.782 "08.02 10:42:57,534|" gesendet.783 "08.02 10:42:57,534|" gesendet.784 "08.02 10:42:57,550|" gesendet.785 "08.02 10:42:57,550|" vergessen zu senden.Text
786 "08.02 10:42:57,550|" gesendet.787 "08.02 10:42:57,550|" gesendet.788 "08.02 10:42:57,564|" gesendet.789 "08.02 10:42:57,564|" gesendet.790 "08.02 10:42:57,564|" vergessen zu senden.791 "08.02 10:42:57,564|" gesendet.792 "08.02 10:42:57,564|" gesendet.793 "08.02 10:42:57,581|" gesendet.794 "08.02 10:42:57,581|" gesendet.795 "08.02 10:42:57,581|" vergessen zu senden.796 "08.02 10:42:57,581|" gesendet.797 "08.02 10:42:57,581|" gesendet.798 "08.02 10:42:57,597|" gesendet.799 "08.02 10:42:57,597|" gesendet.800 "08.02 10:42:57,597|" vergessen zu senden.801 "08.02 10:42:57,597|" gesendet.802 "08.02 10:42:57,597|" gesendet.803 "08.02 10:42:57,612|" gesendet.804 "08.02 10:42:57,612|" gesendet.805 "08.02 10:42:57,612|" vergessen zu senden.806 "08.02 10:42:57,612|" gesendet.807 "08.02 10:42:57,612|" gesendet.808 "08.02 10:42:57,612|" gesendet.809 "08.02 10:42:57,628|" gesendet.810 "08.02 10:42:57,628|" vergessen zu senden.811 "08.02 10:42:57,628|" gesendet.812 "08.02 10:42:57,628|" gesendet.813 "08.02 10:42:57,628|" gesendet.814 "08.02 10:42:57,643|" gesendet.815 "08.02 10:42:57,643|" vergessen zu senden.Text
816 "08.02 10:42:57,643|" gesendet.817 "08.02 10:42:57,643|" gesendet.818 "08.02 10:42:57,659|" gesendet.819 "08.02 10:42:57,659|" gesendet.820 "08.02 10:42:57,659|" vergessen zu senden.821 "08.02 10:42:57,659|" gesendet.822 "08.02 10:42:57,659|" gesendet.823 "08.02 10:42:57,675|" gesendet.824 "08.02 10:42:57,675|" gesendet.825 "08.02 10:42:57,675|" vergessen zu senden.826 "08.02 10:42:57,675|" gesendet.827 "08.02 10:42:57,675|" gesendet.828 "08.02 10:42:57,689|" gesendet.829 "08.02 10:42:57,689|" gesendet.830 "08.02 10:42:57,689|" vergessen zu senden.Text
831 "08.02 10:42:57,689|" gesendet.832 "08.02 10:42:57,689|" gesendet.833 "08.02 10:42:57,706|" gesendet.834 "08.02 10:42:57,706|" gesendet.835 "08.02 10:42:57,706|" vergessen zu senden.Text
836 "08.02 10:42:57,706|" gesendet.837 "08.02 10:42:57,706|" gesendet.838 "08.02 10:42:57,721|" gesendet.839 "08.02 10:42:57,721|" gesendet.840 "08.02 10:42:57,721|" vergessen zu senden.Text
Text
Text
841 "08.02 10:42:57,721|" gesendet.842 "08.02 10:42:57,737|" gesendet.843 "08.02 10:42:57,737|" gesendet.844 "08.02 10:42:57,737|" gesendet.845 "08.02 10:42:57,737|" vergessen zu senden.Text
846 "08.02 10:42:57,753|" gesendet.847 "08.02 10:42:57,753|" gesendet.848 "08.02 10:42:57,753|" gesendet.849 "08.02 10:42:57,753|" gesendet.850 "08.02 10:42:57,753|" vergessen zu senden.Text
851 "08.02 10:42:57,768|" gesendet.852 "08.02 10:42:57,768|" gesendet.853 "08.02 10:42:57,768|" gesendet.854 "08.02 10:42:57,768|" gesendet.855 "08.02 10:42:57,768|" vergessen zu senden.856 "08.02 10:42:57,784|" gesendet.857 "08.02 10:42:57,784|" gesendet.858 "08.02 10:42:57,784|" gesendet.859 "08.02 10:42:57,784|" gesendet.860 "08.02 10:42:57,784|" vergessen zu senden.861 "08.02 10:42:57,798|" gesendet.862 "08.02 10:42:57,798|" gesendet.863 "08.02 10:42:57,798|" gesendet.864 "08.02 10:42:57,798|" gesendet.865 "08.02 10:42:57,798|" vergessen zu senden.866 "08.02 10:42:57,814|" gesendet.867 "08.02 10:42:57,814|" gesendet.868 "08.02 10:42:57,814|" gesendet.869 "08.02 10:42:57,814|" gesendet.870 "08.02 10:42:57,814|" vergessen zu senden.Text
Text
871 "08.02 10:42:57,831|" gesendet.872 "08.02 10:42:57,831|" gesendet.873 "08.02 10:42:57,831|" gesendet.874 "08.02 10:42:57,831|" gesendet.875 "08.02 10:42:57,831|" vergessen zu senden.876 "08.02 10:42:57,846|" gesendet.877 "08.02 10:42:57,846|" gesendet.878 "08.02 10:42:57,846|" gesendet.879 "08.02 10:42:57,846|" gesendet.880 "08.02 10:42:57,846|" vergessen zu senden.881 "08.02 10:42:57,862|" gesendet.882 "08.02 10:42:57,862|" gesendet.883 "08.02 10:42:57,862|" gesendet.884 "08.02 10:42:57,862|" gesendet.885 "08.02 10:42:57,862|" vergessen zu senden.Text
886 "08.02 10:42:57,877|" gesendet.887 "08.02 10:42:57,877|" gesendet.888 "08.02 10:42:57,877|" gesendet.889 "08.02 10:42:57,877|" gesendet.890 "08.02 10:42:57,877|" vergessen zu senden.891 "08.02 10:42:57,893|" gesendet.892 "08.02 10:42:57,893|" gesendet.893 "08.02 10:42:57,893|" gesendet.894 "08.02 10:42:57,893|" gesendet.895 "08.02 10:42:57,893|" vergessen zu senden.896 "08.02 10:42:57,909|" gesendet.897 "08.02 10:42:57,909|" gesendet.898 "08.02 10:42:57,909|" gesendet.899 "08.02 10:42:57,909|" gesendet.900 "08.02 10:42:57,909|" vergessen zu senden.901 "08.02 10:42:57,923|" gesendet.902 "08.02 10:42:57,923|" gesendet.903 "08.02 10:42:57,923|" gesendet.904 "08.02 10:42:57,923|" gesendet.905 "08.02 10:42:57,923|" vergessen zu senden.Text
906 "08.02 10:42:57,939|" gesendet.907 "08.02 10:42:57,939|" gesendet.908 "08.02 10:42:57,939|" gesendet.909 "08.02 10:42:57,939|" gesendet.910 "08.02 10:42:57,939|" vergessen zu senden.Text
Text
Text
Text
911 "08.02 10:42:57,955|" gesendet.912 "08.02 10:42:57,955|" gesendet.913 "08.02 10:42:57,955|" gesendet.914 "08.02 10:42:57,971|" gesendet.915 "08.02 10:42:57,971|" vergessen zu senden.Text
Text
Text
916 "08.02 10:42:57,971|" gesendet.917 "08.02 10:42:57,987|" gesendet.918 "08.02 10:42:57,987|" gesendet.919 "08.02 10:42:57,987|" gesendet.920 "08.02 10:42:57,987|" vergessen zu senden.Text
921 "08.02 10:42:57,987|" gesendet.922 "08.02 10:42:58,002|" gesendet.923 "08.02 10:42:58,002|" gesendet.924 "08.02 10:42:58,002|" gesendet.925 "08.02 10:42:58,002|" vergessen zu senden.Text
Text
Text
926 "08.02 10:42:58,018|" gesendet.927 "08.02 10:42:58,018|" gesendet.928 "08.02 10:42:58,018|" gesendet.929 "08.02 10:42:58,018|" gesendet.930 "08.02 10:42:58,018|" vergessen zu senden.931 "08.02 10:42:58,032|" gesendet.932 "08.02 10:42:58,032|" gesendet.933 "08.02 10:42:58,032|" gesendet.934 "08.02 10:42:58,032|" gesendet.935 "08.02 10:42:58,032|" vergessen zu senden.936 "08.02 10:42:58,048|" gesendet.937 "08.02 10:42:58,048|" gesendet.938 "08.02 10:42:58,048|" gesendet.939 "08.02 10:42:58,048|" gesendet.940 "08.02 10:42:58,048|" vergessen zu senden.941 "08.02 10:42:58,064|" gesendet.942 "08.02 10:42:58,064|" gesendet.943 "08.02 10:42:58,064|" gesendet.944 "08.02 10:42:58,064|" gesendet.945 "08.02 10:42:58,064|" vergessen zu senden.946 "08.02 10:42:58,080|" gesendet.947 "08.02 10:42:58,080|" gesendet.948 "08.02 10:42:58,080|" gesendet.949 "08.02 10:42:58,080|" gesendet.950 "08.02 10:42:58,080|" vergessen zu senden.Text
Text
951 "08.02 10:42:58,096|" gesendet.952 "08.02 10:42:58,096|" gesendet.953 "08.02 10:42:58,096|" gesendet.954 "08.02 10:42:58,096|" gesendet.955 "08.02 10:42:58,111|" vergessen zu senden.Text
Text
956 "08.02 10:42:58,111|" gesendet.957 "08.02 10:42:58,111|" gesendet.958 "08.02 10:42:58,111|" gesendet.959 "08.02 10:42:58,127|" gesendet.960 "08.02 10:42:58,127|" vergessen zu senden.Text
Text
961 "08.02 10:42:58,127|" gesendet.962 "08.02 10:42:58,127|" gesendet.963 "08.02 10:42:58,143|" gesendet.964 "08.02 10:42:58,143|" gesendet.965 "08.02 10:42:58,143|" vergessen zu senden.Text
Text
Text
966 "08.02 10:42:58,157|" gesendet.967 "08.02 10:42:58,157|" gesendet.968 "08.02 10:42:58,157|" gesendet.969 "08.02 10:42:58,157|" gesendet.970 "08.02 10:42:58,157|" vergessen zu senden.Text
971 "08.02 10:42:58,173|" gesendet.972 "08.02 10:42:58,173|" gesendet.973 "08.02 10:42:58,173|" gesendet.974 "08.02 10:42:58,173|" gesendet.975 "08.02 10:42:58,189|" vergessen zu senden.976 "08.02 10:42:58,189|" gesendet.977 "08.02 10:42:58,189|" gesendet.978 "08.02 10:42:58,189|" gesendet.979 "08.02 10:42:58,189|" gesendet.980 "08.02 10:42:58,205|" vergessen zu senden.981 "08.02 10:42:58,205|" gesendet.982 "08.02 10:42:58,205|" gesendet.983 "08.02 10:42:58,205|" gesendet.984 "08.02 10:42:58,205|" gesendet.985 "08.02 10:42:58,221|" vergessen zu senden.986 "08.02 10:42:58,221|" gesendet.987 "08.02 10:42:58,221|" gesendet.988 "08.02 10:42:58,221|" gesendet.989 "08.02 10:42:58,236|" gesendet.990 "08.02 10:42:58,236|" vergessen zu senden.Text
Text
991 "08.02 10:42:58,236|" gesendet.992 "08.02 10:42:58,236|" gesendet.993 "08.02 10:42:58,252|" gesendet.994 "08.02 10:42:58,252|" gesendet.995 "08.02 10:42:58,252|" vergessen zu senden.Text
Text
Text
996 "08.02 10:42:58,252|" gesendet.997 "08.02 10:42:58,266|" gesendet.998 "08.02 10:42:58,266|" gesendet.999 "08.02 10:42:58,266|" gesendet.1000 "08.02 10:42:58,266|" vergessen zu senden.1001 "08.02 10:42:58,266|" gesendet.1002 "08.02 10:42:58,282|" gesendet.1003 "08.02 10:42:58,282|" gesendet.1004 "08.02 10:42:58,282|" gesendet.1005 "08.02 10:42:58,282|" vergessen zu senden.1006 "08.02 10:42:58,282|" gesendet.1007 "08.02 10:42:58,298|" gesendet.1008 "08.02 10:42:58,298|" gesendet.1009 "08.02 10:42:58,298|" gesendet.1010 "08.02 10:42:58,298|" vergessen zu senden.Text
1011 "08.02 10:42:58,314|" gesendet.1012 "08.02 10:42:58,314|" gesendet.1013 "08.02 10:42:58,314|" gesendet.1014 "08.02 10:42:58,314|" gesendet.1015 "08.02 10:42:58,314|" vergessen zu senden.1016 "08.02 10:42:58,330|" gesendet.1017 "08.02 10:42:58,330|" gesendet.1018 "08.02 10:42:58,330|" gesendet.1019 "08.02 10:42:58,330|" gesendet.1020 "08.02 10:42:58,330|" vergessen zu senden.1021 "08.02 10:42:58,345|" gesendet.1022 "08.02 10:42:58,345|" gesendet.1023 "08.02 10:42:58,345|" gesendet.1024 "08.02 10:42:58,345|" gesendet.1025 "08.02 10:42:58,345|" vergessen zu senden.Text
1026 "08.02 10:42:58,361|" gesendet.1027 "08.02 10:42:58,361|" gesendet.1028 "08.02 10:42:58,361|" gesendet.1029 "08.02 10:42:58,361|" gesendet.1030 "08.02 10:42:58,361|" vergessen zu senden.Text
Text
1031 "08.02 10:42:58,377|" gesendet.1032 "08.02 10:42:58,377|" gesendet.1033 "08.02 10:42:58,377|" gesendet.1034 "08.02 10:42:58,377|" gesendet.1035 "08.02 10:42:58,391|" vergessen zu senden.Text
Text
1036 "08.02 10:42:58,391|" gesendet.1037 "08.02 10:42:58,391|" gesendet.1038 "08.02 10:42:58,391|" gesendet.1039 "08.02 10:42:58,407|" gesendet.1040 "08.02 10:42:58,407|" vergessen zu senden.Text
Text
1041 "08.02 10:42:58,407|" gesendet.1042 "08.02 10:42:58,407|" gesendet.1043 "08.02 10:42:58,423|" gesendet.1044 "08.02 10:42:58,423|" gesendet.1045 "08.02 10:42:58,423|" vergessen zu senden.1046 "08.02 10:42:58,423|" gesendet.1047 "08.02 10:42:58,423|" gesendet.1048 "08.02 10:42:58,439|" gesendet.1049 "08.02 10:42:58,439|" gesendet.1050 "08.02 10:42:58,439|" vergessen zu senden.Text
1051 "08.02 10:42:58,439|" gesendet.1052 "08.02 10:42:58,439|" gesendet.1053 "08.02 10:42:58,455|" gesendet.1054 "08.02 10:42:58,455|" gesendet.1055 "08.02 10:42:58,455|" vergessen zu senden.1056 "08.02 10:42:58,455|" gesendet.1057 "08.02 10:42:58,470|" gesendet.1058 "08.02 10:42:58,470|" gesendet.1059 "08.02 10:42:58,470|" gesendet.1060 "08.02 10:42:58,470|" vergessen zu senden.1061 "08.02 10:42:58,470|" gesendet.1062 "08.02 10:42:58,470|" gesendet.1063 "08.02 10:42:58,486|" gesendet.1064 "08.02 10:42:58,486|" gesendet.1065 "08.02 10:42:58,486|" vergessen zu senden.Text
1066 "08.02 10:42:58,486|" gesendet.1067 "08.02 10:42:58,500|" gesendet.1068 "08.02 10:42:58,500|" gesendet.1069 "08.02 10:42:58,500|" gesendet.1070 "08.02 10:42:58,500|" vergessen zu senden.Text
1071 "08.02 10:42:58,516|" gesendet.1072 "08.02 10:42:58,516|" gesendet.1073 "08.02 10:42:58,516|" gesendet.1074 "08.02 10:42:58,516|" gesendet.1075 "08.02 10:42:58,516|" vergessen zu senden.Text
Text
1076 "08.02 10:42:58,532|" gesendet.1077 "08.02 10:42:58,532|" gesendet.1078 "08.02 10:42:58,532|" gesendet.1079 "08.02 10:42:58,532|" gesendet.1080 "08.02 10:42:58,532|" vergessen zu senden.1081 "08.02 10:42:58,548|" gesendet.1082 "08.02 10:42:58,548|" gesendet.1083 "08.02 10:42:58,548|" gesendet.1084 "08.02 10:42:58,548|" gesendet.1085 "08.02 10:42:58,548|" vergessen zu senden.Text
Text
Text
1086 "08.02 10:42:58,564|" gesendet.1087 "08.02 10:42:58,564|" gesendet.1088 "08.02 10:42:58,564|" gesendet.1089 "08.02 10:42:58,579|" gesendet.1090 "08.02 10:42:58,579|" vergessen zu senden.1091 "08.02 10:42:58,579|" gesendet.1092 "08.02 10:42:58,579|" gesendet.1093 "08.02 10:42:58,579|" gesendet.1094 "08.02 10:42:58,579|" gesendet.1095 "08.02 10:42:58,595|" vergessen zu senden.1096 "08.02 10:42:58,595|" gesendet.1097 "08.02 10:42:58,595|" gesendet.1098 "08.02 10:42:58,595|" gesendet.1099 "08.02 10:42:58,595|" gesendet.1100 "08.02 10:42:58,611|" vergessen zu senden.1101 "08.02 10:42:58,611|" gesendet.1102 "08.02 10:42:58,611|" gesendet.1103 "08.02 10:42:58,611|" gesendet.1104 "08.02 10:42:58,611|" gesendet.1105 "08.02 10:42:58,625|" vergessen zu senden.1106 "08.02 10:42:58,625|" gesendet.1107 "08.02 10:42:58,625|" gesendet.1108 "08.02 10:42:58,625|" gesendet.1109 "08.02 10:42:58,625|" gesendet.1110 "08.02 10:42:58,625|" vergessen zu senden.Text
Text
1111 "08.02 10:42:58,641|" gesendet.1112 "08.02 10:42:58,641|" gesendet.1113 "08.02 10:42:58,641|" gesendet.1114 "08.02 10:42:58,657|" gesendet.1115 "08.02 10:42:58,657|" vergessen zu senden.Text
1116 "08.02 10:42:58,657|" gesendet.1117 "08.02 10:42:58,657|" gesendet.1118 "08.02 10:42:58,657|" gesendet.1119 "08.02 10:42:58,673|" gesendet.1120 "08.02 10:42:58,673|" vergessen zu senden.1121 "08.02 10:42:58,673|" gesendet.1122 "08.02 10:42:58,673|" gesendet.1123 "08.02 10:42:58,673|" gesendet.1124 "08.02 10:42:58,689|" gesendet.1125 "08.02 10:42:58,689|" vergessen zu senden.Text
1126 "08.02 10:42:58,689|" gesendet.1127 "08.02 10:42:58,689|" gesendet.1128 "08.02 10:42:58,689|" gesendet.1129 "08.02 10:42:58,704|" gesendet.1130 "08.02 10:42:58,704|" vergessen zu senden.1131 "08.02 10:42:58,704|" gesendet.1132 "08.02 10:42:58,704|" gesendet.1133 "08.02 10:42:58,704|" gesendet.1134 "08.02 10:42:58,720|" gesendet.1135 "08.02 10:42:58,720|" vergessen zu senden.Text
Text
Text
Text
Text
1136 "08.02 10:42:58,734|" gesendet.1137 "08.02 10:42:58,734|" gesendet.1138 "08.02 10:42:58,734|" gesendet.1139 "08.02 10:42:58,734|" gesendet.1140 "08.02 10:42:58,734|" vergessen zu senden.Text
1141 "08.02 10:42:58,750|" gesendet.1142 "08.02 10:42:58,750|" gesendet.1143 "08.02 10:42:58,750|" gesendet.1144 "08.02 10:42:58,750|" gesendet.1145 "08.02 10:42:58,750|" vergessen zu senden.Text
Text
1146 "08.02 10:42:58,766|" gesendet.1147 "08.02 10:42:58,766|" gesendet.1148 "08.02 10:42:58,766|" gesendet.1149 "08.02 10:42:58,766|" gesendet.1150 "08.02 10:42:58,766|" vergessen zu senden.Text
Text
1151 "08.02 10:42:58,782|" gesendet.1152 "08.02 10:42:58,782|" gesendet.1153 "08.02 10:42:58,782|" gesendet.1154 "08.02 10:42:58,782|" gesendet.1155 "08.02 10:42:58,798|" vergessen zu senden.Text
1156 "08.02 10:42:58,798|" gesendet.1157 "08.02 10:42:58,798|" gesendet.1158 "08.02 10:42:58,798|" gesendet.1159 "08.02 10:42:58,812|" gesendet.1160 "08.02 10:42:58,812|" vergessen zu senden.1161 "08.02 10:42:58,812|" gesendet.1162 "08.02 10:42:58,812|" gesendet.1163 "08.02 10:42:58,812|" gesendet.1164 "08.02 10:42:58,812|" gesendet.1165 "08.02 10:42:58,829|" vergessen zu senden.1166 "08.02 10:42:58,829|" gesendet.1167 "08.02 10:42:58,829|" gesendet.1168 "08.02 10:42:58,829|" gesendet.1169 "08.02 10:42:58,829|" gesendet.1170 "08.02 10:42:58,845|" vergessen zu senden.1171 "08.02 10:42:58,845|" gesendet.1172 "08.02 10:42:58,845|" gesendet.1173 "08.02 10:42:58,845|" gesendet.1174 "08.02 10:42:58,845|" gesendet.1175 "08.02 10:42:58,859|" vergessen zu senden.1176 "08.02 10:42:58,859|" gesendet.1177 "08.02 10:42:58,859|" gesendet.1178 "08.02 10:42:58,859|" gesendet.1179 "08.02 10:42:58,859|" gesendet.1180 "08.02 10:42:58,859|" vergessen zu senden.Text
Text
Text
Text
1181 "08.02 10:42:58,875|" gesendet.1182 "08.02 10:42:58,875|" gesendet.1183 "08.02 10:42:58,891|" gesendet.1184 "08.02 10:42:58,891|" gesendet.1185 "08.02 10:42:58,891|" vergessen zu senden.1186 "08.02 10:42:58,891|" gesendet.1187 "08.02 10:42:58,891|" gesendet.1188 "08.02 10:42:58,891|" gesendet.1189 "08.02 10:42:58,907|" gesendet.1190 "08.02 10:42:58,907|" vergessen zu senden.1191 "08.02 10:42:58,907|" gesendet.1192 "08.02 10:42:58,907|" gesendet.1193 "08.02 10:42:58,907|" gesendet.1194 "08.02 10:42:58,923|" gesendet.1195 "08.02 10:42:58,923|" vergessen zu senden.1196 "08.02 10:42:58,923|" gesendet.1197 "08.02 10:42:58,923|" gesendet.1198 "08.02 10:42:58,923|" gesendet.1199 "08.02 10:42:58,937|" gesendet.1200 "08.02 10:42:58,937|" vergessen zu senden.1201 "08.02 10:42:58,937|" gesendet.1202 "08.02 10:42:58,937|" gesendet.1203 "08.02 10:42:58,937|" gesendet.1204 "08.02 10:42:58,954|" gesendet.1205 "08.02 10:42:58,954|" vergessen zu senden.1206 "08.02 10:42:58,954|" gesendet.1207 "08.02 10:42:58,954|" gesendet.1208 "08.02 10:42:58,954|" gesendet.1209 "08.02 10:42:58,968|" gesendet.1210 "08.02 10:42:58,968|" vergessen zu senden.Text
Text
Text
Text
1211 "08.02 10:42:58,968|" gesendet.1212 "08.02 10:42:58,968|" gesendet.1213 "08.02 10:42:58,984|" gesendet.1214 "08.02 10:42:58,984|" gesendet.1215 "08.02 10:42:58,984|" vergessen zu senden.1216 "08.02 10:42:58,984|" gesendet.1217 "08.02 10:42:58,984|" gesendet.1218 "08.02 10:42:59,000|" gesendet.1219 "08.02 10:42:59,000|" gesendet.1220 "08.02 10:42:59,000|" vergessen zu senden.1221 "08.02 10:42:59,000|" gesendet.1222 "08.02 10:42:59,000|" gesendet.1223 "08.02 10:42:59,016|" gesendet.1224 "08.02 10:42:59,016|" gesendet.1225 "08.02 10:42:59,016|" vergessen zu senden.1226 "08.02 10:42:59,016|" gesendet.1227 "08.02 10:42:59,016|" gesendet.1228 "08.02 10:42:59,032|" gesendet.1229 "08.02 10:42:59,032|" gesendet.1230 "08.02 10:42:59,032|" vergessen zu senden.1231 "08.02 10:42:59,032|" gesendet.1232 "08.02 10:42:59,032|" gesendet.1233 "08.02 10:42:59,046|" gesendet.1234 "08.02 10:42:59,046|" gesendet.1235 "08.02 10:42:59,046|" vergessen zu senden.1236 "08.02 10:42:59,046|" gesendet.1237 "08.02 10:42:59,046|" gesendet.1238 "08.02 10:42:59,062|" gesendet.1239 "08.02 10:42:59,062|" gesendet.1240 "08.02 10:42:59,062|" vergessen zu senden.Text
Text
Text
1241 "08.02 10:42:59,062|" gesendet.1242 "08.02 10:42:59,079|" gesendet.1243 "08.02 10:42:59,079|" gesendet.1244 "08.02 10:42:59,079|" gesendet.1245 "08.02 10:42:59,079|" vergessen zu senden.Text
Text
Text
Text
Text
Text
Text
1246 "08.02 10:42:59,094|" gesendet.1247 "08.02 10:42:59,094|" gesendet.1248 "08.02 10:42:59,094|" gesendet.1249 "08.02 10:42:59,110|" gesendet.1250 "08.02 10:42:59,110|" vergessen zu senden.1251 "08.02 10:42:59,110|" gesendet.1252 "08.02 10:42:59,110|" gesendet.1253 "08.02 10:42:59,110|" gesendet.1254 "08.02 10:42:59,125|" gesendet.1255 "08.02 10:42:59,125|" vergessen zu senden.Text
1256 "08.02 10:42:59,125|" gesendet.1257 "08.02 10:42:59,125|" gesendet.1258 "08.02 10:42:59,141|" gesendet.1259 "08.02 10:42:59,141|" gesendet.1260 "08.02 10:42:59,141|" vergessen zu senden.Text
Text
Text
1261 "08.02 10:42:59,141|" gesendet.1262 "08.02 10:42:59,157|" gesendet.1263 "08.02 10:42:59,157|" gesendet.1264 "08.02 10:42:59,157|" gesendet.1265 "08.02 10:42:59,157|" vergessen zu senden.1266 "08.02 10:42:59,157|" gesendet.1267 "08.02 10:42:59,171|" gesendet.1268 "08.02 10:42:59,171|" gesendet.1269 "08.02 10:42:59,171|" gesendet.1270 "08.02 10:42:59,171|" vergessen zu senden.Text
Text
Text
1271 "08.02 10:42:59,187|" gesendet.1272 "08.02 10:42:59,187|" gesendet.1273 "08.02 10:42:59,187|" gesendet.1274 "08.02 10:42:59,187|" gesendet.1275 "08.02 10:42:59,203|" vergessen zu senden.1276 "08.02 10:42:59,203|" gesendet.1277 "08.02 10:42:59,203|" gesendet.1278 "08.02 10:42:59,203|" gesendet.1279 "08.02 10:42:59,203|" gesendet.1280 "08.02 10:42:59,219|" vergessen zu senden.Text
1281 "08.02 10:42:59,219|" gesendet.1282 "08.02 10:42:59,219|" gesendet.1283 "08.02 10:42:59,219|" gesendet.1284 "08.02 10:42:59,219|" gesendet.1285 "08.02 10:42:59,234|" vergessen zu senden.1286 "08.02 10:42:59,234|" gesendet.1287 "08.02 10:42:59,234|" gesendet.1288 "08.02 10:42:59,234|" gesendet.1289 "08.02 10:42:59,234|" gesendet.1290 "08.02 10:42:59,250|" vergessen zu senden.1291 "08.02 10:42:59,250|" gesendet.1292 "08.02 10:42:59,250|" gesendet.1293 "08.02 10:42:59,250|" gesendet.1294 "08.02 10:42:59,250|" gesendet.1295 "08.02 10:42:59,266|" vergessen zu senden.1296 "08.02 10:42:59,266|" gesendet.1297 "08.02 10:42:59,266|" gesendet.1298 "08.02 10:42:59,266|" gesendet.1299 "08.02 10:42:59,266|" gesendet.1300 "08.02 10:42:59,281|" vergessen zu senden.1301 "08.02 10:42:59,281|" gesendet.1302 "08.02 10:42:59,281|" gesendet.1303 "08.02 10:42:59,281|" gesendet.1304 "08.02 10:42:59,281|" gesendet.1305 "08.02 10:42:59,281|" vergessen zu senden.1306 "08.02 10:42:59,296|" gesendet.1307 "08.02 10:42:59,296|" gesendet.1308 "08.02 10:42:59,296|" gesendet.1309 "08.02 10:42:59,296|" gesendet.1310 "08.02 10:42:59,296|" vergessen zu senden.1311 "08.02 10:42:59,312|" gesendet.1312 "08.02 10:42:59,312|" gesendet.1313 "08.02 10:42:59,312|" gesendet.1314 "08.02 10:42:59,312|" gesendet.1315 "08.02 10:42:59,312|" vergessen zu senden.Text
Text
Text
1316 "08.02 10:42:59,328|" gesendet.1317 "08.02 10:42:59,328|" gesendet.1318 "08.02 10:42:59,328|" gesendet.1319 "08.02 10:42:59,343|" gesendet.1320 "08.02 10:42:59,343|" vergessen zu senden.1321 "08.02 10:42:59,343|" gesendet.1322 "08.02 10:42:59,343|" gesendet.1323 "08.02 10:42:59,343|" gesendet.1324 "08.02 10:42:59,359|" gesendet.1325 "08.02 10:42:59,359|" vergessen zu senden.1326 "08.02 10:42:59,359|" gesendet.1327 "08.02 10:42:59,359|" gesendet.1328 "08.02 10:42:59,359|" gesendet.1329 "08.02 10:42:59,359|" gesendet.1330 "08.02 10:42:59,375|" vergessen zu senden.Text
Text
Text
1331 "08.02 10:42:59,375|" gesendet.1332 "08.02 10:42:59,375|" gesendet.1333 "08.02 10:42:59,391|" gesendet.1334 "08.02 10:42:59,391|" gesendet.1335 "08.02 10:42:59,391|" vergessen zu senden.1336 "08.02 10:42:59,391|" gesendet.1337 "08.02 10:42:59,391|" gesendet.1338 "08.02 10:42:59,406|" gesendet.1339 "08.02 10:42:59,406|" gesendet.1340 "08.02 10:42:59,406|" vergessen zu senden.Text
1341 "08.02 10:42:59,406|" gesendet.1342 "08.02 10:42:59,406|" gesendet.1343 "08.02 10:42:59,421|" gesendet.1344 "08.02 10:42:59,421|" gesendet.1345 "08.02 10:42:59,421|" vergessen zu senden.1346 "08.02 10:42:59,421|" gesendet.1347 "08.02 10:42:59,421|" gesendet.1348 "08.02 10:42:59,437|" gesendet.1349 "08.02 10:42:59,437|" gesendet.1350 "08.02 10:42:59,437|" vergessen zu senden.1351 "08.02 10:42:59,437|" gesendet.1352 "08.02 10:42:59,437|" gesendet.1353 "08.02 10:42:59,453|" gesendet.1354 "08.02 10:42:59,453|" gesendet.1355 "08.02 10:42:59,453|" vergessen zu senden.Text
1356 "08.02 10:42:59,453|" gesendet.1357 "08.02 10:42:59,453|" gesendet.1358 "08.02 10:42:59,468|" gesendet.1359 "08.02 10:42:59,468|" gesendet.1360 "08.02 10:42:59,468|" vergessen zu senden.Text
Text
Text
1361 "08.02 10:42:59,484|" gesendet.1362 "08.02 10:42:59,484|" gesendet.1363 "08.02 10:42:59,484|" gesendet.1364 "08.02 10:42:59,484|" gesendet.1365 "08.02 10:42:59,484|" vergessen zu senden.Text
Text
Text
Text
Text
Text
1366 "08.02 10:42:59,500|" gesendet.1367 "08.02 10:42:59,500|" gesendet.1368 "08.02 10:42:59,515|" gesendet.1369 "08.02 10:42:59,515|" gesendet.1370 "08.02 10:42:59,515|" vergessen zu senden.Text
1371 "08.02 10:42:59,515|" gesendet.1372 "08.02 10:42:59,515|" gesendet.1373 "08.02 10:42:59,531|" gesendet.1374 "08.02 10:42:59,531|" gesendet.1375 "08.02 10:42:59,531|" vergessen zu senden.Text
1376 "08.02 10:42:59,531|" gesendet.1377 "08.02 10:42:59,531|" gesendet.1378 "08.02 10:42:59,547|" gesendet.1379 "08.02 10:42:59,547|" gesendet.1380 "08.02 10:42:59,547|" vergessen zu senden.1381 "08.02 10:42:59,547|" gesendet.1382 "08.02 10:42:59,547|" gesendet.1383 "08.02 10:42:59,562|" gesendet.1384 "08.02 10:42:59,562|" gesendet.1385 "08.02 10:42:59,562|" vergessen zu senden.1386 "08.02 10:42:59,562|" gesendet.1387 "08.02 10:42:59,562|" gesendet.1388 "08.02 10:42:59,577|" gesendet.1389 "08.02 10:42:59,577|" gesendet.1390 "08.02 10:42:59,577|" vergessen zu senden.Text
Text
1391 "08.02 10:42:59,577|" gesendet.1392 "08.02 10:42:59,593|" gesendet.1393 "08.02 10:42:59,593|" gesendet.1394 "08.02 10:42:59,593|" gesendet.1395 "08.02 10:42:59,593|" vergessen zu senden.Text
1396 "08.02 10:42:59,593|" gesendet.1397 "08.02 10:42:59,609|" gesendet.1398 "08.02 10:42:59,609|" gesendet.1399 "08.02 10:42:59,609|" gesendet.1400 "08.02 10:42:59,609|" vergessen zu senden.1401 "08.02 10:42:59,609|" gesendet.1402 "08.02 10:42:59,625|" gesendet.1403 "08.02 10:42:59,625|" gesendet.1404 "08.02 10:42:59,625|" gesendet.1405 "08.02 10:42:59,625|" vergessen zu senden.1406 "08.02 10:42:59,625|" gesendet.1407 "08.02 10:42:59,640|" gesendet.1408 "08.02 10:42:59,640|" gesendet.1409 "08.02 10:42:59,640|" gesendet.1410 "08.02 10:42:59,640|" vergessen zu senden.Text
1411 "08.02 10:42:59,640|" gesendet.1412 "08.02 10:42:59,656|" gesendet.1413 "08.02 10:42:59,656|" gesendet.1414 "08.02 10:42:59,656|" gesendet.1415 "08.02 10:42:59,656|" vergessen zu senden.1416 "08.02 10:42:59,656|" gesendet.1417 "08.02 10:42:59,671|" gesendet.1418 "08.02 10:42:59,671|" gesendet.1419 "08.02 10:42:59,671|" gesendet.1420 "08.02 10:42:59,671|" vergessen zu senden.Text
Text
1421 "08.02 10:42:59,687|" gesendet.1422 "08.02 10:42:59,687|" gesendet.1423 "08.02 10:42:59,687|" gesendet.1424 "08.02 10:42:59,687|" gesendet.1425 "08.02 10:42:59,687|" vergessen zu senden.Text
Text
1426 "08.02 10:42:59,702|" gesendet.1427 "08.02 10:42:59,702|" gesendet.1428 "08.02 10:42:59,702|" gesendet.1429 "08.02 10:42:59,702|" gesendet.1430 "08.02 10:42:59,702|" vergessen zu senden.1431 "08.02 10:42:59,718|" gesendet.1432 "08.02 10:42:59,718|" gesendet.1433 "08.02 10:42:59,718|" gesendet.1434 "08.02 10:42:59,718|" gesendet.1435 "08.02 10:42:59,718|" vergessen zu senden.1436 "08.02 10:42:59,734|" gesendet.1437 "08.02 10:42:59,734|" gesendet.1438 "08.02 10:42:59,734|" gesendet.1439 "08.02 10:42:59,734|" gesendet.1440 "08.02 10:42:59,734|" vergessen zu senden.1441 "08.02 10:42:59,749|" gesendet.1442 "08.02 10:42:59,749|" gesendet.1443 "08.02 10:42:59,749|" gesendet.1444 "08.02 10:42:59,749|" gesendet.1445 "08.02 10:42:59,749|" vergessen zu senden.1446 "08.02 10:42:59,765|" gesendet.1447 "08.02 10:42:59,765|" gesendet.1448 "08.02 10:42:59,765|" gesendet.1449 "08.02 10:42:59,765|" gesendet.1450 "08.02 10:42:59,765|" vergessen zu senden.Text
Text
1451 "08.02 10:42:59,781|" gesendet.1452 "08.02 10:42:59,781|" gesendet.1453 "08.02 10:42:59,781|" gesendet.1454 "08.02 10:42:59,781|" gesendet.1455 "08.02 10:42:59,781|" vergessen zu senden.1456 "08.02 10:42:59,796|" gesendet.1457 "08.02 10:42:59,796|" gesendet.1458 "08.02 10:42:59,796|" gesendet.1459 "08.02 10:42:59,796|" gesendet.1460 "08.02 10:42:59,796|" vergessen zu senden.Text
Text
1461 "08.02 10:42:59,812|" gesendet.1462 "08.02 10:42:59,812|" gesendet.1463 "08.02 10:42:59,812|" gesendet.1464 "08.02 10:42:59,812|" gesendet.1465 "08.02 10:42:59,827|" vergessen zu senden.Text
Text
1466 "08.02 10:42:59,827|" gesendet.1467 "08.02 10:42:59,827|" gesendet.1468 "08.02 10:42:59,827|" gesendet.1469 "08.02 10:42:59,843|" gesendet.1470 "08.02 10:42:59,843|" vergessen zu senden.1471 "08.02 10:42:59,843|" gesendet.1472 "08.02 10:42:59,843|" gesendet.1473 "08.02 10:42:59,843|" gesendet.1474 "08.02 10:42:59,859|" gesendet.1475 "08.02 10:42:59,859|" vergessen zu senden.1476 "08.02 10:42:59,859|" gesendet.1477 "08.02 10:42:59,859|" gesendet.1478 "08.02 10:42:59,859|" gesendet.1479 "08.02 10:42:59,874|" gesendet.1480 "08.02 10:42:59,874|" vergessen zu senden.1481 "08.02 10:42:59,874|" gesendet.1482 "08.02 10:42:59,874|" gesendet.1483 "08.02 10:42:59,874|" gesendet.1484 "08.02 10:42:59,874|" gesendet.1485 "08.02 10:42:59,890|" vergessen zu senden.1486 "08.02 10:42:59,890|" gesendet.1487 "08.02 10:42:59,890|" gesendet.1488 "08.02 10:42:59,890|" gesendet.1489 "08.02 10:42:59,890|" gesendet.1490 "08.02 10:42:59,905|" vergessen zu senden.Text
1491 "08.02 10:42:59,905|" gesendet.1492 "08.02 10:42:59,905|" gesendet.1493 "08.02 10:42:59,905|" gesendet.1494 "08.02 10:42:59,905|" gesendet.1495 "08.02 10:42:59,921|" vergessen zu senden.1496 "08.02 10:42:59,921|" gesendet.1497 "08.02 10:42:59,921|" gesendet.1498 "08.02 10:42:59,921|" gesendet.1499 "08.02 10:42:59,921|" gesendet.1500 "08.02 10:42:59,937|" vergessen zu senden.Text
1501 "08.02 10:42:59,937|" gesendet.1502 "08.02 10:42:59,937|" gesendet.1503 "08.02 10:42:59,937|" gesendet.1504 "08.02 10:42:59,952|" gesendet.1505 "08.02 10:42:59,952|" vergessen zu senden.1506 "08.02 10:42:59,952|" gesendet.1507 "08.02 10:42:59,952|" gesendet.1508 "08.02 10:42:59,952|" gesendet.1509 "08.02 10:42:59,952|" gesendet.1510 "08.02 10:42:59,968|" vergessen zu senden.Text
1511 "08.02 10:42:59,968|" gesendet.1512 "08.02 10:42:59,968|" gesendet.1513 "08.02 10:42:59,968|" gesendet.1514 "08.02 10:42:59,983|" gesendet.1515 "08.02 10:42:59,983|" vergessen zu senden.1516 "08.02 10:42:59,983|" gesendet.1517 "08.02 10:42:59,983|" gesendet.1518 "08.02 10:42:59,983|" gesendet.1519 "08.02 10:42:59,983|" gesendet.1520 "08.02 10:42:59,999|" vergessen zu senden.Text
Text
1521 "08.02 10:42:59,999|" gesendet.1522 "08.02 10:42:59,999|" gesendet.1523 "08.02 10:42:59,999|" gesendet.1524 "08.02 10:43:00,014|" gesendet.1525 "08.02 10:43:00,014|" vergessen zu senden.Text
1526 "08.02 10:43:00,014|" gesendet.1527 "08.02 10:43:00,014|" gesendet.1528 "08.02 10:43:00,030|" gesendet.1529 "08.02 10:43:00,030|" gesendet.1530 "08.02 10:43:00,030|" vergessen zu senden.Text
1531 "08.02 10:43:00,030|" gesendet.1532 "08.02 10:43:00,030|" gesendet.1533 "08.02 10:43:00,046|" gesendet.1534 "08.02 10:43:00,046|" gesendet.1535 "08.02 10:43:00,046|" vergessen zu senden.1536 "08.02 10:43:00,046|" gesendet.1537 "08.02 10:43:00,046|" gesendet.1538 "08.02 10:43:00,060|" gesendet.1539 "08.02 10:43:00,060|" gesendet.1540 "08.02 10:43:00,060|" vergessen zu senden.1541 "08.02 10:43:00,060|" gesendet.1542 "08.02 10:43:00,060|" gesendet.1543 "08.02 10:43:00,060|" gesendet.1544 "08.02 10:43:00,077|" gesendet.1545 "08.02 10:43:00,077|" vergessen zu senden.1546 "08.02 10:43:00,077|" gesendet.1547 "08.02 10:43:00,077|" gesendet.1548 "08.02 10:43:00,077|" gesendet.1549 "08.02 10:43:00,093|" gesendet.1550 "08.02 10:43:00,093|" vergessen zu senden.1551 "08.02 10:43:00,093|" gesendet.1552 "08.02 10:43:00,093|" gesendet.1553 "08.02 10:43:00,093|" gesendet.1554 "08.02 10:43:00,108|" gesendet.1555 "08.02 10:43:00,108|" vergessen zu senden.Text
1556 "08.02 10:43:00,108|" gesendet.1557 "08.02 10:43:00,108|" gesendet.1558 "08.02 10:43:00,108|" gesendet.1559 "08.02 10:43:00,124|" gesendet.1560 "08.02 10:43:00,124|" vergessen zu senden.Text
Text
1561 "08.02 10:43:00,124|" gesendet.1562 "08.02 10:43:00,124|" gesendet.1563 "08.02 10:43:00,139|" gesendet.1564 "08.02 10:43:00,139|" gesendet.1565 "08.02 10:43:00,139|" vergessen zu senden.1566 "08.02 10:43:00,139|" gesendet.1567 "08.02 10:43:00,139|" gesendet.1568 "08.02 10:43:00,155|" gesendet.1569 "08.02 10:43:00,155|" gesendet.1570 "08.02 10:43:00,155|" vergessen zu senden.1571 "08.02 10:43:00,155|" gesendet.1572 "08.02 10:43:00,171|" gesendet.1573 "08.02 10:43:00,171|" gesendet.1574 "08.02 10:43:00,171|" gesendet.1575 "08.02 10:43:00,171|" vergessen zu senden.1576 "08.02 10:43:00,171|" gesendet.1577 "08.02 10:43:00,185|" gesendet.1578 "08.02 10:43:00,185|" gesendet.1579 "08.02 10:43:00,185|" gesendet.1580 "08.02 10:43:00,185|" vergessen zu senden.Text
1581 "08.02 10:43:00,185|" gesendet.1582 "08.02 10:43:00,202|" gesendet.1583 "08.02 10:43:00,202|" gesendet.1584 "08.02 10:43:00,202|" gesendet.1585 "08.02 10:43:00,202|" vergessen zu senden.Text
1586 "08.02 10:43:00,217|" gesendet.1587 "08.02 10:43:00,217|" gesendet.1588 "08.02 10:43:00,217|" gesendet.1589 "08.02 10:43:00,217|" gesendet.1590 "08.02 10:43:00,217|" vergessen zu senden.1591 "08.02 10:43:00,233|" gesendet.1592 "08.02 10:43:00,233|" gesendet.1593 "08.02 10:43:00,233|" gesendet.1594 "08.02 10:43:00,233|" gesendet.1595 "08.02 10:43:00,233|" vergessen zu senden.Text
Text
1596 "08.02 10:43:00,249|" gesendet.1597 "08.02 10:43:00,249|" gesendet.1598 "08.02 10:43:00,249|" gesendet.1599 "08.02 10:43:00,249|" gesendet.1600 "08.02 10:43:00,249|" vergessen zu senden.Text
1601 "08.02 10:43:00,264|" gesendet.1602 "08.02 10:43:00,264|" gesendet.1603 "08.02 10:43:00,264|" gesendet.1604 "08.02 10:43:00,264|" gesendet.1605 "08.02 10:43:00,264|" vergessen zu senden.Text
1606 "08.02 10:43:00,280|" gesendet.1607 "08.02 10:43:00,280|" gesendet.1608 "08.02 10:43:00,280|" gesendet.1609 "08.02 10:43:00,280|" gesendet.1610 "08.02 10:43:00,294|" vergessen zu senden.Text
Text
Text
1611 "08.02 10:43:00,294|" gesendet.1612 "08.02 10:43:00,294|" gesendet.1613 "08.02 10:43:00,294|" gesendet.1614 "08.02 10:43:00,310|" gesendet.1615 "08.02 10:43:00,310|" vergessen zu senden.Text
1616 "08.02 10:43:00,310|" gesendet.1617 "08.02 10:43:00,310|" gesendet.1618 "08.02 10:43:00,327|" gesendet.1619 "08.02 10:43:00,327|" gesendet.1620 "08.02 10:43:00,327|" vergessen zu senden.1621 "08.02 10:43:00,327|" gesendet.1622 "08.02 10:43:00,327|" gesendet.1623 "08.02 10:43:00,327|" gesendet.1624 "08.02 10:43:00,342|" gesendet.1625 "08.02 10:43:00,342|" vergessen zu senden.Text
1626 "08.02 10:43:00,342|" gesendet.1627 "08.02 10:43:00,342|" gesendet.1628 "08.02 10:43:00,342|" gesendet.1629 "08.02 10:43:00,358|" gesendet.1630 "08.02 10:43:00,358|" vergessen zu senden.Text
1631 "08.02 10:43:00,358|" gesendet.1632 "08.02 10:43:00,358|" gesendet.1633 "08.02 10:43:00,373|" gesendet.1634 "08.02 10:43:00,373|" gesendet.1635 "08.02 10:43:00,373|" vergessen zu senden.Text
1636 "08.02 10:43:00,373|" gesendet.1637 "08.02 10:43:00,373|" gesendet.1638 "08.02 10:43:00,389|" gesendet.1639 "08.02 10:43:00,389|" gesendet.1640 "08.02 10:43:00,389|" vergessen zu senden.Text
1641 "08.02 10:43:00,389|" gesendet.1642 "08.02 10:43:00,405|" gesendet.1643 "08.02 10:43:00,405|" gesendet.1644 "08.02 10:43:00,405|" gesendet.1645 "08.02 10:43:00,405|" vergessen zu senden.1646 "08.02 10:43:00,405|" gesendet.1647 "08.02 10:43:00,405|" gesendet.1648 "08.02 10:43:00,419|" gesendet.1649 "08.02 10:43:00,419|" gesendet.1650 "08.02 10:43:00,419|" vergessen zu senden.1651 "08.02 10:43:00,419|" gesendet.1652 "08.02 10:43:00,419|" gesendet.1653 "08.02 10:43:00,435|" gesendet.1654 "08.02 10:43:00,435|" gesendet.1655 "08.02 10:43:00,435|" vergessen zu senden.Text
1656 "08.02 10:43:00,435|" gesendet.1657 "08.02 10:43:00,435|" gesendet.1658 "08.02 10:43:00,451|" gesendet.1659 "08.02 10:43:00,451|" gesendet.1660 "08.02 10:43:00,451|" vergessen zu senden.1661 "08.02 10:43:00,451|" gesendet.1662 "08.02 10:43:00,451|" gesendet.1663 "08.02 10:43:00,467|" gesendet.1664 "08.02 10:43:00,467|" gesendet.1665 "08.02 10:43:00,467|" vergessen zu senden.Text
1666 "08.02 10:43:00,467|" gesendet.1667 "08.02 10:43:00,483|" gesendet.1668 "08.02 10:43:00,483|" gesendet.1669 "08.02 10:43:00,483|" gesendet.1670 "08.02 10:43:00,483|" vergessen zu senden.Text
Text
Text
Text
Text
Text
1671 "08.02 10:43:00,498|" gesendet.1672 "08.02 10:43:00,498|" gesendet.1673 "08.02 10:43:00,498|" gesendet.1674 "08.02 10:43:00,498|" gesendet.1675 "08.02 10:43:00,514|" vergessen zu senden.Text
Text
1676 "08.02 10:43:00,514|" gesendet.1677 "08.02 10:43:00,514|" gesendet.1678 "08.02 10:43:00,514|" gesendet.1679 "08.02 10:43:00,528|" gesendet.1680 "08.02 10:43:00,528|" vergessen zu senden.1681 "08.02 10:43:00,528|" gesendet.1682 "08.02 10:43:00,528|" gesendet.1683 "08.02 10:43:00,528|" gesendet.1684 "08.02 10:43:00,544|" gesendet.1685 "08.02 10:43:00,544|" vergessen zu senden.Text
1686 "08.02 10:43:00,544|" gesendet.1687 "08.02 10:43:00,544|" gesendet.1688 "08.02 10:43:00,544|" gesendet.1689 "08.02 10:43:00,560|" gesendet.1690 "08.02 10:43:00,560|" vergessen zu senden.Text
Text
Text
1691 "08.02 10:43:00,560|" gesendet.1692 "08.02 10:43:00,560|" gesendet.1693 "08.02 10:43:00,576|" gesendet.1694 "08.02 10:43:00,576|" gesendet.1695 "08.02 10:43:00,576|" vergessen zu senden.Text
Text
1696 "08.02 10:43:00,576|" gesendet.1697 "08.02 10:43:00,592|" gesendet.1698 "08.02 10:43:00,592|" gesendet.